0 info it worked if it ends with ok
1 verbose cli [ 'F:\\Node.js\\node.exe',
1 verbose cli   'F:\\Node.js\\node_modules\\npm\\bin\\npm-cli.js',
1 verbose cli   'start' ]
2 info using npm@6.2.0
3 info using node@v10.8.0
4 verbose run-script [ 'prestart', 'start', 'poststart' ]
5 info lifecycle server-part@0.0.0~prestart: server-part@0.0.0
6 info lifecycle server-part@0.0.0~start: server-part@0.0.0
7 verbose lifecycle server-part@0.0.0~start: unsafe-perm in lifecycle true
8 verbose lifecycle server-part@0.0.0~start: PATH: F:\Node.js\node_modules\npm\node_modules\npm-lifecycle\node-gyp-bin;C:\Users\15972\Desktop\graduate-project\server-part\node_modules\.bin;C:\Program Files (x86)\Intel\Intel(R) Management Engine Components\iCLS\;C:\Program Files\Intel\Intel(R) Management Engine Components\iCLS\;C:\Windows\system32;C:\Windows;C:\Windows\System32\Wbem;C:\Windows\System32\WindowsPowerShell\v1.0\;C:\Program Files (x86)\NVIDIA Corporation\PhysX\Common;C:\Program Files (x86)\Intel\Intel(R) Management Engine Components\DAL;C:\Program Files\Intel\Intel(R) Management Engine Components\DAL;C:\Program Files (x86)\Intel\Intel(R) Management Engine Components\IPT;C:\Program Files\Intel\Intel(R) Management Engine Components\IPT;C:\Program Files\Intel\WiFi\bin\;C:\Program Files\Common Files\Intel\WirelessCommon\;C:\WINDOWS\system32;C:\WINDOWS;C:\WINDOWS\System32\Wbem;C:\WINDOWS\System32\WindowsPowerShell\v1.0\;C:\WINDOWS\System32\OpenSSH\;E:\git\Git\cmd;F:\Node.js;F:\Node.js\node_global;F:\Node.js\node_global;E:\sass ruby\Ruby25-x64\bin;C:\Users\15972\AppData\Local\Microsoft\WindowsApps;C:\Program Files\Intel\WiFi\bin\;C:\Program Files\Common Files\Intel\WirelessCommon\;C:\Users\15972\AppData\Roaming\npm;
9 verbose lifecycle server-part@0.0.0~start: CWD: C:\Users\15972\Desktop\graduate-project\server-part
10 silly lifecycle server-part@0.0.0~start: Args: [ '/d /s /c', 'node ./bin/www' ]
11 silly lifecycle server-part@0.0.0~start: Returned: code: 1  signal: null
12 info lifecycle server-part@0.0.0~start: Failed to exec start script
13 verbose stack Error: server-part@0.0.0 start: `node ./bin/www`
13 verbose stack Exit status 1
13 verbose stack     at EventEmitter.<anonymous> (F:\Node.js\node_modules\npm\node_modules\npm-lifecycle\index.js:304:16)
13 verbose stack     at EventEmitter.emit (events.js:182:13)
13 verbose stack     at ChildProcess.<anonymous> (F:\Node.js\node_modules\npm\node_modules\npm-lifecycle\lib\spawn.js:55:14)
13 verbose stack     at ChildProcess.emit (events.js:182:13)
13 verbose stack     at maybeClose (internal/child_process.js:962:16)
13 verbose stack     at Process.ChildProcess._handle.onexit (internal/child_process.js:249:5)
14 verbose pkgid server-part@0.0.0
15 verbose cwd C:\Users\15972\Desktop\graduate-project\server-part
16 verbose Windows_NT 10.0.17134
17 verbose argv "F:\\Node.js\\node.exe" "F:\\Node.js\\node_modules\\npm\\bin\\npm-cli.js" "start"
18 verbose node v10.8.0
19 verbose npm  v6.2.0
20 error code ELIFECYCLE
21 error errno 1
22 error server-part@0.0.0 start: `node ./bin/www`
22 error Exit status 1
23 error Failed at the server-part@0.0.0 start script.
23 error This is probably not a problem with npm. There is likely additional logging output above.
24 verbose exit [ 1, true ]
